C51 COMPILER V9.60.0.0   MAIN                                                              07/10/2021 13:57:05 PAGE 1   


C51 COMPILER V9.60.0.0, COMPILATION OF MODULE MAIN
OBJECT MODULE PLACED IN .\Objects\main.obj
COMPILER INVOKED BY: F:\Keil_v5\C51\BIN\C51.EXE main.c OPTIMIZE(8,SPEED) BROWSE DEBUG OBJECTEXTEND PRINT(.\Listings\main
                    -.lst) TABS(2) OBJECT(.\Objects\main.obj)

line level    source

   1          #include <reg51.h>
   2          #include <STDIO.h>
   3          #include <intrins.h>
   4          
   5          typedef unsigned char u8;
   6          typedef unsigned int  u16;
   7          
   8          sbit CLK =P1^0;
   9          sbit MOSI=P1^1;
  10          sbit MISO=P1^2;
  11          sbit SS  =P1^3;
  12          
  13          void Delay_ms(unsigned int ms)    //@12.000MHz
  14          {
  15   1        unsigned char i, j;
  16   1        for(;ms>1;ms--)
  17   1        {
  18   2            i = 2;
  19   2          j = 239;
  20   2          do
  21   2          {
  22   3            while (--j);
  23   3          } while (--i);
  24   2        }
  25   1      }
  26          
  27          u8 Slave_Receive_Dat(void)
  28          {
  29   1        u8 i,dat=0;
  30   1        while(SS);//等待ss拉低
  31   1        for(i=0;i<8;i++)
  32   1        {
  33   2         while(CLK==0);//等待CLK拉高
  34   2         while(CLK==1);//等待CLK拉低
  35   2          dat=dat<<1;
  36   2          dat=dat|MOSI;
  37   2        }
  38   1        while(SS==0);//等待ss拉高
  39   1        return dat;
  40   1      }
  41          
  42          void Slave_Send_Dat(u8 dat) //发送数据程序
  43          {
  44   1        u8 i;
  45   1        while(SS);//等待ss拉低
  46   1        for(i=0;i<8;i++)
  47   1        {
  48   2          while(CLK==0);//等待CLK拉高
  49   2          while(CLK==1);//等待CLK拉低
  50   2            dat=(dat<<1); 
  51   2            if(dat&0x80)
  52   2            MISO=1;
  53   2           else
  54   2            MISO=0;
C51 COMPILER V9.60.0.0   MAIN                                                              07/10/2021 13:57:05 PAGE 2   

  55   2        }
  56   1        while(SS==0);//等待ss拉高
  57   1      }
  58          
  59           u8 code num[10]={0x3f,0x06,0x5b,0x4f,0x66,
  60                       0x6d,0x7d,0x07,0x7f,0x6f};
  61          void main(void)
  62          {
  63   1       u8 exdat=1,i=0;
  64   1         P2=0X00;
  65   1          while(1)
  66   1          {
  67   2            for(i=0;i<10;i++) 
  68   2            { 
  69   3                exdat=Slave_Receive_Dat();
  70   3                P2=num[exdat];
  71   3                Delay_ms(500);
  72   3        
  73   3                Slave_Send_Dat(i);
  74   3                Delay_ms(500);  
  75   3            } 
  76   2          }
  77   1      }


MODULE INFORMATION:   STATIC OVERLAYABLE
   CODE SIZE        =    157    ----
   CONSTANT SIZE    =     10    ----
   XDATA SIZE       =   ----    ----
   PDATA SIZE       =   ----    ----
   DATA SIZE        =   ----    ----
   IDATA SIZE       =   ----    ----
   BIT SIZE         =   ----    ----
END OF MODULE INFORMATION.


C51 COMPILATION COMPLETE.  0 WARNING(S),  0 ERROR(S)
